<?xml version="1.0" encoding="UTF-8"?>
<!-- Generated by org.testng.reporters.JUnitReportReporter -->
<testsuite skipped="0" hostname="DESKTOP-9D011CU" name="Jenkins.PracticeJenkins" tests="1" failures="0" timestamp="12 Nov 2021 06:34:06 GMT" time="0.016" errors="0">
  <testcase name="pracJenkins" time="0.016" classname="Jenkins.PracticeJenkins"/>
</testsuite> <!-- Jenkins.PracticeJenkins -->
